<?xml version="1.0" encoding="UTF-8"?>
<!-- Generated by org.testng.reporters.JUnitReportReporter -->
<testsuite hostname="Sammy" name="DDT.wordpresslogin" tests="1" failures="0" timestamp="9 Jan 2017 19:37:00 GMT" time="13.654" errors="0">
  <testcase name="login" time="13.654" classname="DDT.wordpresslogin"/>
</testsuite> <!-- DDT.wordpresslogin -->
