<?xml version="1.0" encoding="UTF-8"?>
<!-- Generated by org.testng.reporters.JUnitReportReporter -->
<testsuite hostname="Sammy" name="demo.Ie" tests="1" failures="0" timestamp="16 Dec 2016 20:48:22 GMT" time="0.155" errors="0">
  <testcase name="verifytitle" time="0.155" classname="demo.Ie"/>
</testsuite> <!-- demo.Ie -->
