<?xml version="1.0" encoding="UTF-8"?>
<!-- Generated by org.testng.reporters.JUnitReportReporter -->
<testsuite hostname="Sammy" name="demo.allannotations" tests="1" failures="0" timestamp="16 Dec 2016 18:31:29 GMT" time="0.026" errors="0">
  <testcase name="test" time="0.026" classname="demo.allannotations"/>
</testsuite> <!-- demo.allannotations -->
