<?xml version="1.0" encoding="UTF-8"?>
<!-- Generated by org.testng.reporters.JUnitReportReporter -->
<testsuite hostname="Sammy" name="demo.Screenshot" tests="1" failures="0" timestamp="20 Dec 2016 20:41:40 GMT" time="10.520" errors="0">
  <testcase name="main" time="10.520" classname="demo.Screenshot"/>
</testsuite> <!-- demo.Screenshot -->
